<?xml version="1.0" encoding="UTF-8"?>
<testng-results ignored="0" total="1" passed="1" failed="0" skipped="0">
  <reporter-output>
  </reporter-output>
  <suite started-at="2024-09-30T14:19:11 IST" name="Default suite" finished-at="2024-09-30T14:19:20 IST" duration-ms="9453">
    <groups>
    </groups>
    <test started-at="2024-09-30T14:19:11 IST" name="Default test" finished-at="2024-09-30T14:19:20 IST" duration-ms="9453">
      <class name="com.hdorRegistrationProcess.SelectedEventPageTest">
        <test-method is-config="true" signature="loadConfig()[pri:0, instance:com.hdorRegistrationProcess.SelectedEventPageTest@712625fd]" started-at="2024-09-30T14:19:11 IST" name="loadConfig" finished-at="2024-09-30T14:19:11 IST" duration-ms="14" status="PASS">
          <reporter-output>
          </reporter-output>
        </test-method> <!-- loadConfig -->
        <test-method is-config="true" signature="setup()[pri:0, instance:com.hdorRegistrationProcess.SelectedEventPageTest@712625fd]" started-at="2024-09-30T14:19:11 IST" name="setup" finished-at="2024-09-30T14:19:15 IST" duration-ms="3969" status="PASS">
          <reporter-output>
          </reporter-output>
        </test-method> <!-- setup -->
        <test-method signature="verifyPrice()[pri:0, instance:com.hdorRegistrationProcess.SelectedEventPageTest@712625fd]" started-at="2024-09-30T14:19:15 IST" name="verifyPrice" finished-at="2024-09-30T14:19:20 IST" duration-ms="5421" status="PASS">
          <reporter-output>
          </reporter-output>
        </test-method> <!-- verifyPrice -->
      </class> <!-- com.hdorRegistrationProcess.SelectedEventPageTest -->
    </test> <!-- Default test -->
  </suite> <!-- Default suite -->
</testng-results>
